0 info it worked if it ends with ok
1 verbose cli [ 'I:\\Node\\node.exe',
1 verbose cli   'F:\\Users\\jjj\\AppData\\Roaming\\npm\\node_modules\\npm\\bin\\npm-cli.js',
1 verbose cli   'publish',
1 verbose cli   '--registry',
1 verbose cli   'http://registry.npmjs.org' ]
2 info using npm@3.7.5
3 info using node@v8.9.3
4 verbose publish [ '.' ]
5 silly cache add args [ '.', null ]
6 verbose cache add spec .
7 silly cache add parsed spec Result {
7 silly cache add   raw: '.',
7 silly cache add   scope: null,
7 silly cache add   name: null,
7 silly cache add   rawSpec: '.',
7 silly cache add   spec: 'C:\\appWork\\self-wrok\\tswork\\devicejs\\browser-device-js',
7 silly cache add   type: 'directory' }
8 verbose addLocalDirectory F:\Users\jjj\AppData\Roaming\npm-cache\browser-device-js\1.0.2\package.tgz not in flight; packing
9 verbose correctMkdir F:\Users\jjj\AppData\Roaming\npm-cache correctMkdir not in flight; initializing
10 info lifecycle browser-device-js@1.0.2~prepublish: browser-device-js@1.0.2
11 silly lifecycle browser-device-js@1.0.2~prepublish: no script for prepublish, continuing
12 verbose tar pack [ 'F:\\Users\\jjj\\AppData\\Roaming\\npm-cache\\browser-device-js\\1.0.2\\package.tgz',
12 verbose tar pack   'C:\\appWork\\self-wrok\\tswork\\devicejs\\browser-device-js' ]
13 verbose tarball F:\Users\jjj\AppData\Roaming\npm-cache\browser-device-js\1.0.2\package.tgz
14 verbose folder C:\appWork\self-wrok\tswork\devicejs\browser-device-js
15 verbose addLocalTarball adding from inside cache F:\Users\jjj\AppData\Roaming\npm-cache\browser-device-js\1.0.2\package.tgz
16 verbose correctMkdir F:\Users\jjj\AppData\Roaming\npm-cache correctMkdir not in flight; initializing
17 silly cache afterAdd browser-device-js@1.0.2
18 verbose afterAdd F:\Users\jjj\AppData\Roaming\npm-cache\browser-device-js\1.0.2\package\package.json not in flight; writing
19 verbose correctMkdir F:\Users\jjj\AppData\Roaming\npm-cache correctMkdir not in flight; initializing
20 verbose afterAdd F:\Users\jjj\AppData\Roaming\npm-cache\browser-device-js\1.0.2\package\package.json written
21 silly publish { name: 'browser-device-js',
21 silly publish   version: '1.0.2',
21 silly publish   description: 'browser-device-js 是一个轻量级获取浏览器和手机信息的库',
21 silly publish   main: './lib/device.js',
21 silly publish   scripts:
21 silly publish    { test: '',
21 silly publish      build: 'webpack --config webpack.config.js --colors',
21 silly publish      dev: 'webpack-dev-server --open' },
21 silly publish   repository:
21 silly publish    { type: 'git',
21 silly publish      url: 'git+https://github.com/fengyaogit123/browser-device-js.git' },
21 silly publish   keywords: [ 'device', 'browser', 'browser-device-js' ],
21 silly publish   author: { name: '1724238345@qq.com' },
21 silly publish   license: 'ISC',
21 silly publish   devDependencies:
21 silly publish    { 'babel-core': '^6.26.0',
21 silly publish      'babel-loader': '^7.1.4',
21 silly publish      'babel-preset-es2015': '^6.24.1',
21 silly publish      'uglifyjs-webpack-plugin': '^1.2.4',
21 silly publish      webpack: '^3.6.0',
21 silly publish      'webpack-dev-server': '^2.9.1' },
21 silly publish   dependencies: { webpack: '^3.6.0' },
21 silly publish   readme: '# 介绍\r\n\r\nbrowser-device-js 是一个轻量级获取浏览器和手机信息的库\r\n# 优点\r\n\r\n1. 能够获取众多ios的机型，包括iphoneX\r\n    \r\n2. 支持amd \r\n\r\n3. 区分 Edge IE11  IE11以下 Opera Firefox 微信内置浏览器 QQ浏览器 UC浏览器 Safari\r\n\r\n> `Android` 手机太多,没有基础数据，所以类型统一为Android 后面的版本数据会补上\r\n\r\n# 如何获取\r\n\r\n通过以下方式都可以下载：\r\n\r\n执行`npm i browser-device-js`\r\n\r\n# 如何使用\r\n\r\n## 浏览器引入:\r\n\r\n```html\r\n\r\n    直接引入\r\n    <script src="browser-device-js/lib/device.js"></script>\r\n\r\n\r\n```\r\n## 模块引入:\r\n\r\n```js\r\n\r\n    import Device from "browser-device-js"\r\n    var d = new Device()\r\n    d.getDevice() //获取所有信息\r\n    /**\r\n    {\r\n        browserVer: "",//浏览器版本\r\n        browserName: "",//浏览器名称 Edge IE11  IE Opera Firefox WeiXin QQ UC Safari\r\n        phoneSystemType: "",//手机系统类型 android / ios\r\n        phoneSystemVer: "",//手机系统版本  android 4.1 / ios 6\r\n        phoneName: "",//iPhone 8 /iPhone X    Android  \r\n    }\r\n\r\n    **/\r\n    d.getAndroidV()//获取android版本\r\n\r\n    d.getIOSV()// 获取ios版本\r\n\r\n    d.getPhoneSystemType()//获取 系统类型 ios /android  /Windows Phone\r\n\r\n    d.isPC()//是否PC\r\n\r\n    d.isMobile()//是否手机\r\n\r\n    d.getBrowser()//获取浏览器名称 Edge IE11  IE Opera Firefox WeiXin QQ UC Safari\r\n```\r\n\r\n\r\n# 参考链接\r\n\r\n    https://github.com/joyqi/mobile-device-js\r\n',
21 silly publish   readmeFilename: 'README.md',
21 silly publish   gitHead: 'b0280238cccdf89baf4a5a470e7c377f82e96cbf',
21 silly publish   bugs:
21 silly publish    { url: 'https://github.com/fengyaogit123/browser-device-js/issues' },
21 silly publish   homepage: 'https://github.com/fengyaogit123/browser-device-js#readme',
21 silly publish   _id: 'browser-device-js@1.0.2',
21 silly publish   _shasum: '120eb779173f269aa36325f8a6026acf0a9ae6a9',
21 silly publish   _from: '.' }
22 verbose getPublishConfig undefined
23 silly mapToRegistry name browser-device-js
24 silly mapToRegistry using default registry
25 silly mapToRegistry registry http://registry.npmjs.org/
26 silly mapToRegistry uri http://registry.npmjs.org/browser-device-js
27 verbose publish registryBase http://registry.npmjs.org/
28 silly publish uploading F:\Users\jjj\AppData\Roaming\npm-cache\browser-device-js\1.0.2\package.tgz
29 verbose request uri http://registry.npmjs.org/browser-device-js
30 verbose request sending authorization for write operation
31 info attempt registry request try #1 at 17:25:31
32 verbose request using bearer token for auth
33 verbose request id 7730fc4f63e34c09
34 http request PUT http://registry.npmjs.org/browser-device-js
35 http 403 http://registry.npmjs.org/browser-device-js
36 verbose headers { 'content-type': 'application/json',
36 verbose headers   'cache-control': 'max-age=300',
36 verbose headers   'content-length': '93',
36 verbose headers   'accept-ranges': 'bytes',
36 verbose headers   date: 'Tue, 03 Apr 2018 09:25:31 GMT',
36 verbose headers   via: '1.1 varnish',
36 verbose headers   connection: 'keep-alive',
36 verbose headers   'x-served-by': 'cache-sjc3126-SJC',
36 verbose headers   'x-cache': 'MISS',
36 verbose headers   'x-cache-hits': '0',
36 verbose headers   'x-timer': 'S1522747531.111894,VS0,VE716',
36 verbose headers   vary: 'Accept-Encoding, Accept' }
37 verbose request invalidating F:\Users\jjj\AppData\Roaming\npm-cache\registry.npmjs.org\browser-device-js on PUT
38 error publish Failed PUT 403
39 verbose stack Error: You cannot publish over the previously published versions: 1.0.2. : browser-device-js
39 verbose stack     at makeError (F:\Users\jjj\AppData\Roaming\npm\node_modules\npm\node_modules\npm-registry-client\lib\request.js:264:12)
39 verbose stack     at CachingRegistryClient.<anonymous> (F:\Users\jjj\AppData\Roaming\npm\node_modules\npm\node_modules\npm-registry-client\lib\request.js:252:14)
39 verbose stack     at Request._callback (F:\Users\jjj\AppData\Roaming\npm\node_modules\npm\node_modules\npm-registry-client\lib\request.js:172:14)
39 verbose stack     at Request.self.callback (F:\Users\jjj\AppData\Roaming\npm\node_modules\npm\node_modules\request\request.js:199:22)
39 verbose stack     at emitTwo (events.js:126:13)
39 verbose stack     at Request.emit (events.js:214:7)
39 verbose stack     at Request.<anonymous> (F:\Users\jjj\AppData\Roaming\npm\node_modules\npm\node_modules\request\request.js:1036:10)
39 verbose stack     at emitOne (events.js:121:20)
39 verbose stack     at Request.emit (events.js:211:7)
39 verbose stack     at IncomingMessage.<anonymous> (F:\Users\jjj\AppData\Roaming\npm\node_modules\npm\node_modules\request\request.js:963:12)
40 verbose statusCode 403
41 verbose pkgid browser-device-js
42 verbose cwd C:\appWork\self-wrok\tswork\devicejs\browser-device-js
43 error Windows_NT 6.1.7601
44 error argv "I:\\Node\\node.exe" "F:\\Users\\jjj\\AppData\\Roaming\\npm\\node_modules\\npm\\bin\\npm-cli.js" "publish" "--registry" "http://registry.npmjs.org"
45 error node v8.9.3
46 error npm  v3.7.5
47 error code E403
48 error You cannot publish over the previously published versions: 1.0.2. : browser-device-js
49 error If you need help, you may report this error at:
49 error     <https://github.com/npm/npm/issues>
50 verbose exit [ 1, true ]
